2023-07-14T12:31:01+00:00 CRITICAL Uncaught Error: Call to undefined function get_field() in /Applications/MAMP/htdocs/gim-group-wp/wp-content/themes/gim-group/template-parts/02header.php:8
Stack trace:
#0 /Applications/MAMP/htdocs/gim-group-wp/wp-includes/template.php(785): require()
#1 /Applications/MAMP/htdocs/gim-group-wp/wp-includes/template.php(718): load_template('/Applications/M...', false, Array)
#2 /Applications/MAMP/htdocs/gim-group-wp/wp-includes/general-template.php(204): locate_template(Array, true, false, Array)
#3 /Applications/MAMP/htdocs/gim-group-wp/wp-content/themes/gim-group/index.php(5): get_template_part('template-parts/...')
#4 /Applications/MAMP/htdocs/gim-group-wp/wp-includes/template-loader.php(106): include('/Applications/M...')
#5 /Applications/MAMP/htdocs/gim-group-wp/wp-blog-header.php(19): require_once('/Applications/M...')
#6 /Applications/MAMP/htdocs/gim-group-wp/index.php(17): require('/Applications/M...')
#7 {main}
  thrown in /Applications/MAMP/htdocs/gim-group-wp/wp-content/themes/gim-group/template-parts/02header.php on line 8

2023-07-14T12:32:06+00:00 CRITICAL Uncaught Error: Call to undefined function get_field() in /Applications/MAMP/htdocs/gim-group-wp/wp-content/themes/gim-group/template-parts/02header.php:8
Stack trace:
#0 /Applications/MAMP/htdocs/gim-group-wp/wp-includes/template.php(785): require()
#1 /Applications/MAMP/htdocs/gim-group-wp/wp-includes/template.php(718): load_template('/Applications/M...', false, Array)
#2 /Applications/MAMP/htdocs/gim-group-wp/wp-includes/general-template.php(204): locate_template(Array, true, false, Array)
#3 /Applications/MAMP/htdocs/gim-group-wp/wp-content/themes/gim-group/index.php(5): get_template_part('template-parts/...')
#4 /Applications/MAMP/htdocs/gim-group-wp/wp-includes/template-loader.php(106): include('/Applications/M...')
#5 /Applications/MAMP/htdocs/gim-group-wp/wp-blog-header.php(19): require_once('/Applications/M...')
#6 /Applications/MAMP/htdocs/gim-group-wp/index.php(17): require('/Applications/M...')
#7 {main}
  thrown in /Applications/MAMP/htdocs/gim-group-wp/wp-content/themes/gim-group/template-parts/02header.php on line 8

2023-07-14T14:47:54+00:00 CRITICAL Cannot use empty array elements in arrays in /Applications/MAMP/htdocs/gim-group-wp/wp-content/themes/gim-group/functions.php on line 84

2023-07-14T14:50:07+00:00 CRITICAL Cannot use empty array elements in arrays in /Applications/MAMP/htdocs/gim-group-wp/wp-content/themes/gim-group/functions.php on line 84

2023-07-14T15:47:11+00:00 CRITICAL Cannot use empty array elements in arrays in /Applications/MAMP/htdocs/gim-group-wp/wp-content/themes/gim-group/functions.php on line 84

2023-07-14T15:48:10+00:00 CRITICAL Cannot use empty array elements in arrays in /Applications/MAMP/htdocs/gim-group-wp/wp-content/themes/gim-group/functions.php on line 84

2023-07-14T18:44:19+00:00 CRITICAL Cannot use empty array elements in arrays in /Applications/MAMP/htdocs/gim-group-wp/wp-content/themes/gim-group/functions.php on line 84

2023-07-14T18:44:46+00:00 CRITICAL Cannot use empty array elements in arrays in /Applications/MAMP/htdocs/gim-group-wp/wp-content/themes/gim-group/functions.php on line 84

2023-07-14T18:45:19+00:00 CRITICAL Cannot use empty array elements in arrays in /Applications/MAMP/htdocs/gim-group-wp/wp-content/themes/gim-group/functions.php on line 84

2023-07-14T18:47:20+00:00 CRITICAL Cannot use empty array elements in arrays in /Applications/MAMP/htdocs/gim-group-wp/wp-content/themes/gim-group/functions.php on line 84

2023-07-14T18:47:23+00:00 CRITICAL Cannot use empty array elements in arrays in /Applications/MAMP/htdocs/gim-group-wp/wp-content/themes/gim-group/functions.php on line 84

